<?xml version="1.0" encoding="UTF-8"?>
<testsuite xmlns:xsi="http://www.w3.org/2001/XMLSchema-instance" xsi:noNamespaceSchemaLocation="https://maven.apache.org/surefire/maven-surefire-plugin/xsd/surefire-test-report.xsd" name="com.imooc.AppTest" time="0.002" tests="1" errors="0" skipped="0" failures="0">
  <properties>
    <property name="sun.desktop" value="windows"/>
    <property name="awt.toolkit" value="sun.awt.windows.WToolkit"/>
    <property name="file.encoding.pkg" value="sun.io"/>
    <property name="java.specification.version" value="1.8"/>
    <property name="sun.cpu.isalist" value="amd64"/>
    <property name="sun.jnu.encoding" value="GBK"/>
    <property name="java.class.path" value="D:\IDEA\windows\workspace_idea1\imooc-hire-dev\hire-pojo\target\test-classes;D:\IDEA\windows\workspace_idea1\imooc-hire-dev\hire-pojo\target\classes;D:\IDEA\windows\maven1\apache-maven-3.6.0\MavenRepo\junit\junit\3.8.1\junit-3.8.1.jar;D:\IDEA\windows\workspace_idea1\imooc-hire-dev\hire-common\target\hire-common-0.0.1-SNAPSHOT.jar;D:\IDEA\windows\maven1\apache-maven-3.6.0\MavenRepo\org\springframework\boot\spring-boot-starter\2.7.10\spring-boot-starter-2.7.10.jar;D:\IDEA\windows\maven1\apache-maven-3.6.0\MavenRepo\org\springframework\boot\spring-boot\2.7.10\spring-boot-2.7.10.jar;D:\IDEA\windows\maven1\apache-maven-3.6.0\MavenRepo\org\springframework\spring-context\5.3.26\spring-context-5.3.26.jar;D:\IDEA\windows\maven1\apache-maven-3.6.0\MavenRepo\org\springframework\boot\spring-boot-autoconfigure\2.7.10\spring-boot-autoconfigure-2.7.10.jar;D:\IDEA\windows\maven1\apache-maven-3.6.0\MavenRepo\org\springframework\boot\spring-boot-starter-logging\2.7.10\spring-boot-starter-logging-2.7.10.jar;D:\IDEA\windows\maven1\apache-maven-3.6.0\MavenRepo\ch\qos\logback\logback-classic\1.2.11\logback-classic-1.2.11.jar;D:\IDEA\windows\maven1\apache-maven-3.6.0\MavenRepo\ch\qos\logback\logback-core\1.2.11\logback-core-1.2.11.jar;D:\IDEA\windows\maven1\apache-maven-3.6.0\MavenRepo\org\slf4j\slf4j-api\1.7.36\slf4j-api-1.7.36.jar;D:\IDEA\windows\maven1\apache-maven-3.6.0\MavenRepo\org\apache\logging\log4j\log4j-to-slf4j\2.17.2\log4j-to-slf4j-2.17.2.jar;D:\IDEA\windows\maven1\apache-maven-3.6.0\MavenRepo\org\apache\logging\log4j\log4j-api\2.17.2\log4j-api-2.17.2.jar;D:\IDEA\windows\maven1\apache-maven-3.6.0\MavenRepo\org\slf4j\jul-to-slf4j\1.7.36\jul-to-slf4j-1.7.36.jar;D:\IDEA\windows\maven1\apache-maven-3.6.0\MavenRepo\jakarta\annotation\jakarta.annotation-api\1.3.5\jakarta.annotation-api-1.3.5.jar;D:\IDEA\windows\maven1\apache-maven-3.6.0\MavenRepo\org\springframework\spring-core\5.3.26\spring-core-5.3.26.jar;D:\IDEA\windows\maven1\apache-maven-3.6.0\MavenRepo\org\springframework\spring-jcl\5.3.26\spring-jcl-5.3.26.jar;D:\IDEA\windows\maven1\apache-maven-3.6.0\MavenRepo\org\yaml\snakeyaml\1.30\snakeyaml-1.30.jar;D:\IDEA\windows\maven1\apache-maven-3.6.0\MavenRepo\org\springframework\boot\spring-boot-starter-web\2.7.10\spring-boot-starter-web-2.7.10.jar;D:\IDEA\windows\maven1\apache-maven-3.6.0\MavenRepo\org\springframework\boot\spring-boot-starter-json\2.7.10\spring-boot-starter-json-2.7.10.jar;D:\IDEA\windows\maven1\apache-maven-3.6.0\MavenRepo\com\fasterxml\jackson\datatype\jackson-datatype-jdk8\2.13.5\jackson-datatype-jdk8-2.13.5.jar;D:\IDEA\windows\maven1\apache-maven-3.6.0\MavenRepo\com\fasterxml\jackson\datatype\jackson-datatype-jsr310\2.13.5\jackson-datatype-jsr310-2.13.5.jar;D:\IDEA\windows\maven1\apache-maven-3.6.0\MavenRepo\com\fasterxml\jackson\module\jackson-module-parameter-names\2.13.5\jackson-module-parameter-names-2.13.5.jar;D:\IDEA\windows\maven1\apache-maven-3.6.0\MavenRepo\org\springframework\boot\spring-boot-starter-tomcat\2.7.10\spring-boot-starter-tomcat-2.7.10.jar;D:\IDEA\windows\maven1\apache-maven-3.6.0\MavenRepo\org\apache\tomcat\embed\tomcat-embed-core\9.0.73\tomcat-embed-core-9.0.73.jar;D:\IDEA\windows\maven1\apache-maven-3.6.0\MavenRepo\org\apache\tomcat\embed\tomcat-embed-el\9.0.73\tomcat-embed-el-9.0.73.jar;D:\IDEA\windows\maven1\apache-maven-3.6.0\MavenRepo\org\apache\tomcat\embed\tomcat-embed-websocket\9.0.73\tomcat-embed-websocket-9.0.73.jar;D:\IDEA\windows\maven1\apache-maven-3.6.0\MavenRepo\org\springframework\spring-web\5.3.26\spring-web-5.3.26.jar;D:\IDEA\windows\maven1\apache-maven-3.6.0\MavenRepo\org\springframework\spring-beans\5.3.26\spring-beans-5.3.26.jar;D:\IDEA\windows\maven1\apache-maven-3.6.0\MavenRepo\org\springframework\spring-webmvc\5.3.26\spring-webmvc-5.3.26.jar;D:\IDEA\windows\maven1\apache-maven-3.6.0\MavenRepo\org\springframework\spring-expression\5.3.26\spring-expression-5.3.26.jar;D:\IDEA\windows\maven1\apache-maven-3.6.0\MavenRepo\org\springframework\boot\spring-boot-configuration-processor\2.7.10\spring-boot-configuration-processor-2.7.10.jar;D:\IDEA\windows\maven1\apache-maven-3.6.0\MavenRepo\org\springframework\boot\spring-boot-starter-aop\2.7.10\spring-boot-starter-aop-2.7.10.jar;D:\IDEA\windows\maven1\apache-maven-3.6.0\MavenRepo\org\springframework\spring-aop\5.3.26\spring-aop-5.3.26.jar;D:\IDEA\windows\maven1\apache-maven-3.6.0\MavenRepo\org\aspectj\aspectjweaver\1.9.7\aspectjweaver-1.9.7.jar;D:\IDEA\windows\maven1\apache-maven-3.6.0\MavenRepo\mysql\mysql-connector-java\8.0.22\mysql-connector-java-8.0.22.jar;D:\IDEA\windows\maven1\apache-maven-3.6.0\MavenRepo\com\google\protobuf\protobuf-java\3.11.4\protobuf-java-3.11.4.jar;D:\IDEA\windows\maven1\apache-maven-3.6.0\MavenRepo\com\baomidou\mybatis-plus-boot-starter\3.5.2\mybatis-plus-boot-starter-3.5.2.jar;D:\IDEA\windows\maven1\apache-maven-3.6.0\MavenRepo\com\baomidou\mybatis-plus\3.5.2\mybatis-plus-3.5.2.jar;D:\IDEA\windows\maven1\apache-maven-3.6.0\MavenRepo\com\baomidou\mybatis-plus-extension\3.5.2\mybatis-plus-extension-3.5.2.jar;D:\IDEA\windows\maven1\apache-maven-3.6.0\MavenRepo\com\baomidou\mybatis-plus-core\3.5.2\mybatis-plus-core-3.5.2.jar;D:\IDEA\windows\maven1\apache-maven-3.6.0\MavenRepo\com\baomidou\mybatis-plus-annotation\3.5.2\mybatis-plus-annotation-3.5.2.jar;D:\IDEA\windows\maven1\apache-maven-3.6.0\MavenRepo\org\jetbrains\kotlin\kotlin-stdlib-jdk8\1.6.21\kotlin-stdlib-jdk8-1.6.21.jar;D:\IDEA\windows\maven1\apache-maven-3.6.0\MavenRepo\org\jetbrains\kotlin\kotlin-stdlib\1.6.21\kotlin-stdlib-1.6.21.jar;D:\IDEA\windows\maven1\apache-maven-3.6.0\MavenRepo\org\jetbrains\kotlin\kotlin-stdlib-common\1.6.21\kotlin-stdlib-common-1.6.21.jar;D:\IDEA\windows\maven1\apache-maven-3.6.0\MavenRepo\org\jetbrains\annotations\13.0\annotations-13.0.jar;D:\IDEA\windows\maven1\apache-maven-3.6.0\MavenRepo\org\jetbrains\kotlin\kotlin-stdlib-jdk7\1.6.21\kotlin-stdlib-jdk7-1.6.21.jar;D:\IDEA\windows\maven1\apache-maven-3.6.0\MavenRepo\org\springframework\boot\spring-boot-starter-jdbc\2.7.10\spring-boot-starter-jdbc-2.7.10.jar;D:\IDEA\windows\maven1\apache-maven-3.6.0\MavenRepo\com\zaxxer\HikariCP\4.0.3\HikariCP-4.0.3.jar;D:\IDEA\windows\maven1\apache-maven-3.6.0\MavenRepo\org\springframework\spring-jdbc\5.3.26\spring-jdbc-5.3.26.jar;D:\IDEA\windows\maven1\apache-maven-3.6.0\MavenRepo\org\springframework\spring-tx\5.3.26\spring-tx-5.3.26.jar;D:\IDEA\windows\maven1\apache-maven-3.6.0\MavenRepo\com\github\pagehelper\pagehelper-spring-boot-starter\1.4.1\pagehelper-spring-boot-starter-1.4.1.jar;D:\IDEA\windows\maven1\apache-maven-3.6.0\MavenRepo\org\mybatis\spring\boot\mybatis-spring-boot-starter\2.2.0\mybatis-spring-boot-starter-2.2.0.jar;D:\IDEA\windows\maven1\apache-maven-3.6.0\MavenRepo\org\mybatis\spring\boot\mybatis-spring-boot-autoconfigure\2.2.0\mybatis-spring-boot-autoconfigure-2.2.0.jar;D:\IDEA\windows\maven1\apache-maven-3.6.0\MavenRepo\org\mybatis\mybatis\3.5.7\mybatis-3.5.7.jar;D:\IDEA\windows\maven1\apache-maven-3.6.0\MavenRepo\org\mybatis\mybatis-spring\2.0.6\mybatis-spring-2.0.6.jar;D:\IDEA\windows\maven1\apache-maven-3.6.0\MavenRepo\com\github\pagehelper\pagehelper-spring-boot-autoconfigure\1.4.1\pagehelper-spring-boot-autoconfigure-1.4.1.jar;D:\IDEA\windows\maven1\apache-maven-3.6.0\MavenRepo\com\github\pagehelper\pagehelper\5.3.0\pagehelper-5.3.0.jar;D:\IDEA\windows\maven1\apache-maven-3.6.0\MavenRepo\com\github\jsqlparser\jsqlparser\4.2\jsqlparser-4.2.jar;D:\IDEA\windows\maven1\apache-maven-3.6.0\MavenRepo\com\fasterxml\jackson\core\jackson-core\2.10.2\jackson-core-2.10.2.jar;D:\IDEA\windows\maven1\apache-maven-3.6.0\MavenRepo\com\fasterxml\jackson\core\jackson-annotations\2.10.2\jackson-annotations-2.10.2.jar;D:\IDEA\windows\maven1\apache-maven-3.6.0\MavenRepo\com\fasterxml\jackson\core\jackson-databind\2.10.2\jackson-databind-2.10.2.jar;D:\IDEA\windows\maven1\apache-maven-3.6.0\MavenRepo\commons-codec\commons-codec\1.15\commons-codec-1.15.jar;D:\IDEA\windows\maven1\apache-maven-3.6.0\MavenRepo\org\apache\commons\commons-lang3\3.12.0\commons-lang3-3.12.0.jar;D:\IDEA\windows\maven1\apache-maven-3.6.0\MavenRepo\commons-fileupload\commons-fileupload\1.4\commons-fileupload-1.4.jar;D:\IDEA\windows\maven1\apache-maven-3.6.0\MavenRepo\commons-io\commons-io\2.11.0\commons-io-2.11.0.jar;D:\IDEA\windows\maven1\apache-maven-3.6.0\MavenRepo\org\projectlombok\lombok\1.18.26\lombok-1.18.26.jar;"/>
    <property name="java.vm.vendor" value="Oracle Corporation"/>
    <property name="sun.arch.data.model" value="64"/>
    <property name="user.variant" value=""/>
    <property name="java.vendor.url" value="http://java.oracle.com/"/>
    <property name="user.timezone" value="Asia/Shanghai"/>
    <property name="java.vm.specification.version" value="1.8"/>
    <property name="os.name" value="Windows 10"/>
    <property name="user.country" value="CN"/>
    <property name="sun.java.launcher" value="SUN_STANDARD"/>
    <property name="sun.boot.library.path" value="D:\IDEA\windows\JDK\jre\bin"/>
    <property name="sun.java.command" value="C:\Users\刘傲\AppData\Local\Temp\surefire742951413840011037\surefirebooter5605708330767339839.jar C:\Users\刘傲\AppData\Local\Temp\surefire742951413840011037 2023-03-31T22-37-43_428-jvmRun1 surefire7410211012085276640tmp surefire_14664473371113303707tmp"/>
    <property name="surefire.test.class.path" value="D:\IDEA\windows\workspace_idea1\imooc-hire-dev\hire-pojo\target\test-classes;D:\IDEA\windows\workspace_idea1\imooc-hire-dev\hire-pojo\target\classes;D:\IDEA\windows\maven1\apache-maven-3.6.0\MavenRepo\junit\junit\3.8.1\junit-3.8.1.jar;D:\IDEA\windows\workspace_idea1\imooc-hire-dev\hire-common\target\hire-common-0.0.1-SNAPSHOT.jar;D:\IDEA\windows\maven1\apache-maven-3.6.0\MavenRepo\org\springframework\boot\spring-boot-starter\2.7.10\spring-boot-starter-2.7.10.jar;D:\IDEA\windows\maven1\apache-maven-3.6.0\MavenRepo\org\springframework\boot\spring-boot\2.7.10\spring-boot-2.7.10.jar;D:\IDEA\windows\maven1\apache-maven-3.6.0\MavenRepo\org\springframework\spring-context\5.3.26\spring-context-5.3.26.jar;D:\IDEA\windows\maven1\apache-maven-3.6.0\MavenRepo\org\springframework\boot\spring-boot-autoconfigure\2.7.10\spring-boot-autoconfigure-2.7.10.jar;D:\IDEA\windows\maven1\apache-maven-3.6.0\MavenRepo\org\springframework\boot\spring-boot-starter-logging\2.7.10\spring-boot-starter-logging-2.7.10.jar;D:\IDEA\windows\maven1\apache-maven-3.6.0\MavenRepo\ch\qos\logback\logback-classic\1.2.11\logback-classic-1.2.11.jar;D:\IDEA\windows\maven1\apache-maven-3.6.0\MavenRepo\ch\qos\logback\logback-core\1.2.11\logback-core-1.2.11.jar;D:\IDEA\windows\maven1\apache-maven-3.6.0\MavenRepo\org\slf4j\slf4j-api\1.7.36\slf4j-api-1.7.36.jar;D:\IDEA\windows\maven1\apache-maven-3.6.0\MavenRepo\org\apache\logging\log4j\log4j-to-slf4j\2.17.2\log4j-to-slf4j-2.17.2.jar;D:\IDEA\windows\maven1\apache-maven-3.6.0\MavenRepo\org\apache\logging\log4j\log4j-api\2.17.2\log4j-api-2.17.2.jar;D:\IDEA\windows\maven1\apache-maven-3.6.0\MavenRepo\org\slf4j\jul-to-slf4j\1.7.36\jul-to-slf4j-1.7.36.jar;D:\IDEA\windows\maven1\apache-maven-3.6.0\MavenRepo\jakarta\annotation\jakarta.annotation-api\1.3.5\jakarta.annotation-api-1.3.5.jar;D:\IDEA\windows\maven1\apache-maven-3.6.0\MavenRepo\org\springframework\spring-core\5.3.26\spring-core-5.3.26.jar;D:\IDEA\windows\maven1\apache-maven-3.6.0\MavenRepo\org\springframework\spring-jcl\5.3.26\spring-jcl-5.3.26.jar;D:\IDEA\windows\maven1\apache-maven-3.6.0\MavenRepo\org\yaml\snakeyaml\1.30\snakeyaml-1.30.jar;D:\IDEA\windows\maven1\apache-maven-3.6.0\MavenRepo\org\springframework\boot\spring-boot-starter-web\2.7.10\spring-boot-starter-web-2.7.10.jar;D:\IDEA\windows\maven1\apache-maven-3.6.0\MavenRepo\org\springframework\boot\spring-boot-starter-json\2.7.10\spring-boot-starter-json-2.7.10.jar;D:\IDEA\windows\maven1\apache-maven-3.6.0\MavenRepo\com\fasterxml\jackson\datatype\jackson-datatype-jdk8\2.13.5\jackson-datatype-jdk8-2.13.5.jar;D:\IDEA\windows\maven1\apache-maven-3.6.0\MavenRepo\com\fasterxml\jackson\datatype\jackson-datatype-jsr310\2.13.5\jackson-datatype-jsr310-2.13.5.jar;D:\IDEA\windows\maven1\apache-maven-3.6.0\MavenRepo\com\fasterxml\jackson\module\jackson-module-parameter-names\2.13.5\jackson-module-parameter-names-2.13.5.jar;D:\IDEA\windows\maven1\apache-maven-3.6.0\MavenRepo\org\springframework\boot\spring-boot-starter-tomcat\2.7.10\spring-boot-starter-tomcat-2.7.10.jar;D:\IDEA\windows\maven1\apache-maven-3.6.0\MavenRepo\org\apache\tomcat\embed\tomcat-embed-core\9.0.73\tomcat-embed-core-9.0.73.jar;D:\IDEA\windows\maven1\apache-maven-3.6.0\MavenRepo\org\apache\tomcat\embed\tomcat-embed-el\9.0.73\tomcat-embed-el-9.0.73.jar;D:\IDEA\windows\maven1\apache-maven-3.6.0\MavenRepo\org\apache\tomcat\embed\tomcat-embed-websocket\9.0.73\tomcat-embed-websocket-9.0.73.jar;D:\IDEA\windows\maven1\apache-maven-3.6.0\MavenRepo\org\springframework\spring-web\5.3.26\spring-web-5.3.26.jar;D:\IDEA\windows\maven1\apache-maven-3.6.0\MavenRepo\org\springframework\spring-beans\5.3.26\spring-beans-5.3.26.jar;D:\IDEA\windows\maven1\apache-maven-3.6.0\MavenRepo\org\springframework\spring-webmvc\5.3.26\spring-webmvc-5.3.26.jar;D:\IDEA\windows\maven1\apache-maven-3.6.0\MavenRepo\org\springframework\spring-expression\5.3.26\spring-expression-5.3.26.jar;D:\IDEA\windows\maven1\apache-maven-3.6.0\MavenRepo\org\springframework\boot\spring-boot-configuration-processor\2.7.10\spring-boot-configuration-processor-2.7.10.jar;D:\IDEA\windows\maven1\apache-maven-3.6.0\MavenRepo\org\springframework\boot\spring-boot-starter-aop\2.7.10\spring-boot-starter-aop-2.7.10.jar;D:\IDEA\windows\maven1\apache-maven-3.6.0\MavenRepo\org\springframework\spring-aop\5.3.26\spring-aop-5.3.26.jar;D:\IDEA\windows\maven1\apache-maven-3.6.0\MavenRepo\org\aspectj\aspectjweaver\1.9.7\aspectjweaver-1.9.7.jar;D:\IDEA\windows\maven1\apache-maven-3.6.0\MavenRepo\mysql\mysql-connector-java\8.0.22\mysql-connector-java-8.0.22.jar;D:\IDEA\windows\maven1\apache-maven-3.6.0\MavenRepo\com\google\protobuf\protobuf-java\3.11.4\protobuf-java-3.11.4.jar;D:\IDEA\windows\maven1\apache-maven-3.6.0\MavenRepo\com\baomidou\mybatis-plus-boot-starter\3.5.2\mybatis-plus-boot-starter-3.5.2.jar;D:\IDEA\windows\maven1\apache-maven-3.6.0\MavenRepo\com\baomidou\mybatis-plus\3.5.2\mybatis-plus-3.5.2.jar;D:\IDEA\windows\maven1\apache-maven-3.6.0\MavenRepo\com\baomidou\mybatis-plus-extension\3.5.2\mybatis-plus-extension-3.5.2.jar;D:\IDEA\windows\maven1\apache-maven-3.6.0\MavenRepo\com\baomidou\mybatis-plus-core\3.5.2\mybatis-plus-core-3.5.2.jar;D:\IDEA\windows\maven1\apache-maven-3.6.0\MavenRepo\com\baomidou\mybatis-plus-annotation\3.5.2\mybatis-plus-annotation-3.5.2.jar;D:\IDEA\windows\maven1\apache-maven-3.6.0\MavenRepo\org\jetbrains\kotlin\kotlin-stdlib-jdk8\1.6.21\kotlin-stdlib-jdk8-1.6.21.jar;D:\IDEA\windows\maven1\apache-maven-3.6.0\MavenRepo\org\jetbrains\kotlin\kotlin-stdlib\1.6.21\kotlin-stdlib-1.6.21.jar;D:\IDEA\windows\maven1\apache-maven-3.6.0\MavenRepo\org\jetbrains\kotlin\kotlin-stdlib-common\1.6.21\kotlin-stdlib-common-1.6.21.jar;D:\IDEA\windows\maven1\apache-maven-3.6.0\MavenRepo\org\jetbrains\annotations\13.0\annotations-13.0.jar;D:\IDEA\windows\maven1\apache-maven-3.6.0\MavenRepo\org\jetbrains\kotlin\kotlin-stdlib-jdk7\1.6.21\kotlin-stdlib-jdk7-1.6.21.jar;D:\IDEA\windows\maven1\apache-maven-3.6.0\MavenRepo\org\springframework\boot\spring-boot-starter-jdbc\2.7.10\spring-boot-starter-jdbc-2.7.10.jar;D:\IDEA\windows\maven1\apache-maven-3.6.0\MavenRepo\com\zaxxer\HikariCP\4.0.3\HikariCP-4.0.3.jar;D:\IDEA\windows\maven1\apache-maven-3.6.0\MavenRepo\org\springframework\spring-jdbc\5.3.26\spring-jdbc-5.3.26.jar;D:\IDEA\windows\maven1\apache-maven-3.6.0\MavenRepo\org\springframework\spring-tx\5.3.26\spring-tx-5.3.26.jar;D:\IDEA\windows\maven1\apache-maven-3.6.0\MavenRepo\com\github\pagehelper\pagehelper-spring-boot-starter\1.4.1\pagehelper-spring-boot-starter-1.4.1.jar;D:\IDEA\windows\maven1\apache-maven-3.6.0\MavenRepo\org\mybatis\spring\boot\mybatis-spring-boot-starter\2.2.0\mybatis-spring-boot-starter-2.2.0.jar;D:\IDEA\windows\maven1\apache-maven-3.6.0\MavenRepo\org\mybatis\spring\boot\mybatis-spring-boot-autoconfigure\2.2.0\mybatis-spring-boot-autoconfigure-2.2.0.jar;D:\IDEA\windows\maven1\apache-maven-3.6.0\MavenRepo\org\mybatis\mybatis\3.5.7\mybatis-3.5.7.jar;D:\IDEA\windows\maven1\apache-maven-3.6.0\MavenRepo\org\mybatis\mybatis-spring\2.0.6\mybatis-spring-2.0.6.jar;D:\IDEA\windows\maven1\apache-maven-3.6.0\MavenRepo\com\github\pagehelper\pagehelper-spring-boot-autoconfigure\1.4.1\pagehelper-spring-boot-autoconfigure-1.4.1.jar;D:\IDEA\windows\maven1\apache-maven-3.6.0\MavenRepo\com\github\pagehelper\pagehelper\5.3.0\pagehelper-5.3.0.jar;D:\IDEA\windows\maven1\apache-maven-3.6.0\MavenRepo\com\github\jsqlparser\jsqlparser\4.2\jsqlparser-4.2.jar;D:\IDEA\windows\maven1\apache-maven-3.6.0\MavenRepo\com\fasterxml\jackson\core\jackson-core\2.10.2\jackson-core-2.10.2.jar;D:\IDEA\windows\maven1\apache-maven-3.6.0\MavenRepo\com\fasterxml\jackson\core\jackson-annotations\2.10.2\jackson-annotations-2.10.2.jar;D:\IDEA\windows\maven1\apache-maven-3.6.0\MavenRepo\com\fasterxml\jackson\core\jackson-databind\2.10.2\jackson-databind-2.10.2.jar;D:\IDEA\windows\maven1\apache-maven-3.6.0\MavenRepo\commons-codec\commons-codec\1.15\commons-codec-1.15.jar;D:\IDEA\windows\maven1\apache-maven-3.6.0\MavenRepo\org\apache\commons\commons-lang3\3.12.0\commons-lang3-3.12.0.jar;D:\IDEA\windows\maven1\apache-maven-3.6.0\MavenRepo\commons-fileupload\commons-fileupload\1.4\commons-fileupload-1.4.jar;D:\IDEA\windows\maven1\apache-maven-3.6.0\MavenRepo\commons-io\commons-io\2.11.0\commons-io-2.11.0.jar;D:\IDEA\windows\maven1\apache-maven-3.6.0\MavenRepo\org\projectlombok\lombok\1.18.26\lombok-1.18.26.jar;"/>
    <property name="sun.cpu.endian" value="little"/>
    <property name="user.home" value="C:\Users\刘傲"/>
    <property name="user.language" value="zh"/>
    <property name="java.specification.vendor" value="Oracle Corporation"/>
    <property name="java.home" value="D:\IDEA\windows\JDK\jre"/>
    <property name="basedir" value="D:\IDEA\windows\workspace_idea1\imooc-hire-dev\hire-pojo"/>
    <property name="file.separator" value="\"/>
    <property name="line.separator" value="&#10;"/>
    <property name="java.vm.specification.vendor" value="Oracle Corporation"/>
    <property name="java.specification.name" value="Java Platform API Specification"/>
    <property name="java.awt.graphicsenv" value="sun.awt.Win32GraphicsEnvironment"/>
    <property name="surefire.real.class.path" value="C:\Users\刘傲\AppData\Local\Temp\surefire742951413840011037\surefirebooter5605708330767339839.jar"/>
    <property name="sun.boot.class.path" value="D:\IDEA\windows\JDK\jre\lib\resources.jar;D:\IDEA\windows\JDK\jre\lib\rt.jar;D:\IDEA\windows\JDK\jre\lib\sunrsasign.jar;D:\IDEA\windows\JDK\jre\lib\jsse.jar;D:\IDEA\windows\JDK\jre\lib\jce.jar;D:\IDEA\windows\JDK\jre\lib\charsets.jar;D:\IDEA\windows\JDK\jre\lib\jfr.jar;D:\IDEA\windows\JDK\jre\classes"/>
    <property name="user.script" value=""/>
    <property name="sun.management.compiler" value="HotSpot 64-Bit Tiered Compilers"/>
    <property name="java.runtime.version" value="1.8.0_201-b09"/>
    <property name="user.name" value="刘傲"/>
    <property name="path.separator" value=";"/>
    <property name="os.version" value="10.0"/>
    <property name="java.endorsed.dirs" value="D:\IDEA\windows\JDK\jre\lib\endorsed"/>
    <property name="java.runtime.name" value="Java(TM) SE Runtime Environment"/>
    <property name="file.encoding" value="GBK"/>
    <property name="java.vm.name" value="Java HotSpot(TM) 64-Bit Server VM"/>
    <property name="localRepository" value="D:\IDEA\windows\maven1\apache-maven-3.6.0\MavenRepo"/>
    <property name="java.vendor.url.bug" value="http://bugreport.sun.com/bugreport/"/>
    <property name="java.io.tmpdir" value="C:\Users\刘傲\AppData\Local\Temp\"/>
    <property name="idea.version" value="2022.2.4"/>
    <property name="java.version" value="1.8.0_201"/>
    <property name="user.dir" value="D:\IDEA\windows\workspace_idea1\imooc-hire-dev\hire-pojo"/>
    <property name="os.arch" value="amd64"/>
    <property name="java.vm.specification.name" value="Java Virtual Machine Specification"/>
    <property name="java.awt.printerjob" value="sun.awt.windows.WPrinterJob"/>
    <property name="sun.os.patch.level" value=""/>
    <property name="java.library.path" value="D:\IDEA\windows\JDK\jre\bin;C:\WINDOWS\Sun\Java\bin;C:\WINDOWS\system32;C:\WINDOWS;D:\VMware\bin\;C:\Program Files (x86)\Common Files\Oracle\Java\javapath;C:\Program Files (x86)\Common Files\Intel\Shared Libraries\redist\intel64\compiler;C:\Windows\system32;C:\Windows;C:\Windows\System32\Wbem;C:\Windows\System32\WindowsPowerShell\v1.0\;C:\Windows\System32\OpenSSH\;C:\Program Files (x86)\NVIDIA Corporation\PhysX\Common;C:\Program Files\NVIDIA Corporation\NVIDIA NvDLISR;D:\IDEA\windows\JDK\bin;D:\IDEA\windows\JRE\bin;D:\IDEA\windows\tomcat\apache-tomcat-9.0.35\bin;D:\IDEA\windows\maven1\apache-maven-3.6.0\bin;C:\Program Files\MySQL\MySQL Server 5.7\bin;D:\git\Git\cmd;D:\IDEA\windows\sbt\bin;D:\IDEA\windows\scala\bin;D:\IDEA\windows\RedisServer\;C:\WINDOWS\system32;C:\WINDOWS;C:\WINDOWS\System32\Wbem;C:\WINDOWS\System32\WindowsPowerShell\v1.0\;C:\WINDOWS\System32\OpenSSH\;%USERPROFILE%\AppData\Local\Microsoft\WindowsApps;C:\Program Files\Bandizip\;D:\QQ游戏\QQGameTempest\Hall.57821\;."/>
    <property name="java.vm.info" value="mixed mode"/>
    <property name="java.vendor" value="Oracle Corporation"/>
    <property name="java.vm.version" value="25.201-b09"/>
    <property name="java.ext.dirs" value="D:\IDEA\windows\JDK\jre\lib\ext;C:\WINDOWS\Sun\Java\lib\ext"/>
    <property name="sun.io.unicode.encoding" value="UnicodeLittle"/>
    <property name="java.class.version" value="52.0"/>
  </properties>
  <testcase name="testApp" classname="com.imooc.AppTest" time="0"/>
</testsuite>